Exporter version: 6.2.3, Blender version: 2.80 (sub 75)
========= Conversion from Blender to Babylon.js =========
	Scene settings used :
		inline textures     :  false
		Material Type       :  PBR
		Positions Precision :  4
		Normals Precision   :  3
		UVs Precision       :  3
		Vert Color Precision:  3
		Mat Weight Precision:  2
		texture directory   :  C:\Users\james\Documents\GitHub\glsg-sample\src\PieMenuScene\Assets\models\
	Python World class constructor completed
	WARNING: No active camera has been assigned, or is not in a currently selected Blender layer
	processing begun of mesh:  Disc
		WARNING: No materials have been assigned: 
		Custom split normals with tangents being used
		num positions      :  1943
		num normals        :  1943
		num tangents       :  7772
		num uvs            :  3886
		num uvs2           :  0
		num colors         :  0
		num indices        :  9216
========= Writing of JSON file started =========
	writing mesh:  Disc
========= Writing of JSON file completed =========
========= end of processing =========
elapsed time:  0 min, 0.4496 secs
